<?xml version="1.0" encoding="UTF-8"?>
<testng-results skipped="0" failed="1" ignored="1" total="3" passed="1">
  <reporter-output>
  </reporter-output>
  <suite name="Suite" duration-ms="30146" started-at="2020-05-12T09:37:41Z" finished-at="2020-05-12T09:38:12Z">
    <groups>
    </groups>
    <test name="Test" duration-ms="30146" started-at="2020-05-12T09:37:41Z" finished-at="2020-05-12T09:38:12Z">
      <class name="com.tests.HomePageTest">
        <test-method status="PASS" signature="start()[pri:0, instance:com.tests.HomePageTest@6a192cfe]" name="start" is-config="true" duration-ms="47" started-at="2020-05-12T15:07:41Z" finished-at="2020-05-12T15:07:41Z">
          <reporter-output>
          </reporter-output>
        </test-method> <!-- start -->
        <test-method status="PASS" signature="springTestContextPrepareTestInstance()[pri:0, instance:com.tests.HomePageTest@6a192cfe]" name="springTestContextPrepareTestInstance" is-config="true" duration-ms="323" started-at="2020-05-12T15:07:41Z" depends-on-methods="org.springframework.test.context.testng.AbstractTestNGSpringContextTests.springTestContextBeforeTestClass" finished-at="2020-05-12T15:07:42Z">
          <reporter-output>
          </reporter-output>
        </test-method> <!-- springTestContextPrepareTestInstance -->
        <test-method status="PASS" signature="springTestContextBeforeTestClass()[pri:0, instance:com.tests.HomePageTest@6a192cfe]" name="springTestContextBeforeTestClass" is-config="true" duration-ms="0" started-at="2020-05-12T15:07:41Z" finished-at="2020-05-12T15:07:41Z">
          <reporter-output>
          </reporter-output>
        </test-method> <!-- springTestContextBeforeTestClass -->
        <test-method status="PASS" signature="springTestContextBeforeTestMethod(java.lang.reflect.Method)[pri:0, instance:com.tests.HomePageTest@6a192cfe]" name="springTestContextBeforeTestMethod" is-config="true" duration-ms="1" started-at="2020-05-12T15:07:42Z" finished-at="2020-05-12T15:07:42Z">
          <params>
            <param index="0">
              <value>
                <![CDATA[public void com.tests.HomePageTest.testNavigationLogin()]]>
              </value>
            </param>
          </params>
          <reporter-output>
          </reporter-output>
        </test-method> <!-- springTestContextBeforeTestMethod -->
        <test-method status="PASS" signature="init(java.lang.reflect.Method)[pri:0, instance:com.tests.HomePageTest@6a192cfe]" name="init" is-config="true" duration-ms="8028" started-at="2020-05-12T15:07:42Z" finished-at="2020-05-12T15:07:50Z">
          <params>
            <param index="0">
              <value>
                <![CDATA[public void com.tests.HomePageTest.testNavigationLogin()]]>
              </value>
            </param>
          </params>
          <reporter-output>
          </reporter-output>
        </test-method> <!-- init -->
        <test-method status="FAIL" signature="testNavigationLogin()[pri:0, instance:com.tests.HomePageTest@6a192cfe]" name="testNavigationLogin" duration-ms="10260" started-at="2020-05-12T15:07:50Z" finished-at="2020-05-12T15:08:00Z">
          <exception class="org.openqa.selenium.NoSuchElementException">
            <message>
              <![CDATA[no such element: Unable to locate element: {"method":"css selector","selector":"#text"}
  (Session info: chrome=81.0.4044.138)
For documentation on this error, please visit: http://seleniumhq.org/exceptions/no_such_element.html
Build info: version: '3.14.0', revision: 'aacccce0', time: '2018-08-02T20:19:58.91Z'
System info: host: 'KESHAV-PC', ip: '169.254.226.165', os.name: 'Windows 10', os.arch: 'amd64', os.version: '10.0', java.version: '1.8.0_221'
Driver info: org.openqa.selenium.chrome.ChromeDriver
Capabilities {acceptInsecureCerts: false, browserName: chrome, browserVersion: 81.0.4044.138, chrome: {chromedriverVersion: 81.0.4044.138 (8c6c7ba89cc9..., userDataDir: C:\Users\Keshav\AppData\Loc...}, goog:chromeOptions: {debuggerAddress: localhost:60281}, javascriptEnabled: true, networkConnectionEnabled: false, pageLoadStrategy: normal, platform: WINDOWS, platformName: WINDOWS, proxy: Proxy(), setWindowRect: true, strictFileInteractability: false, timeouts: {implicit: 0, pageLoad: 300000, script: 30000}, unhandledPromptBehavior: dismiss and notify, webauthn:virtualAuthenticators: true}
Session ID: 006ffccecbc80c5048d6fba5806e057c
*** Element info: {Using=id, value=text}]]>
            </message>
            <full-stacktrace>
              <![CDATA[org.openqa.selenium.NoSuchElementException: no such element: Unable to locate element: {"method":"css selector","selector":"#text"}
  (Session info: chrome=81.0.4044.138)
For documentation on this error, please visit: http://seleniumhq.org/exceptions/no_such_element.html
Build info: version: '3.14.0', revision: 'aacccce0', time: '2018-08-02T20:19:58.91Z'
System info: host: 'KESHAV-PC', ip: '169.254.226.165', os.name: 'Windows 10', os.arch: 'amd64', os.version: '10.0', java.version: '1.8.0_221'
Driver info: org.openqa.selenium.chrome.ChromeDriver
Capabilities {acceptInsecureCerts: false, browserName: chrome, browserVersion: 81.0.4044.138, chrome: {chromedriverVersion: 81.0.4044.138 (8c6c7ba89cc9..., userDataDir: C:\Users\Keshav\AppData\Loc...}, goog:chromeOptions: {debuggerAddress: localhost:60281}, javascriptEnabled: true, networkConnectionEnabled: false, pageLoadStrategy: normal, platform: WINDOWS, platformName: WINDOWS, proxy: Proxy(), setWindowRect: true, strictFileInteractability: false, timeouts: {implicit: 0, pageLoad: 300000, script: 30000}, unhandledPromptBehavior: dismiss and notify, webauthn:virtualAuthenticators: true}
Session ID: 006ffccecbc80c5048d6fba5806e057c
*** Element info: {Using=id, value=text}
	at sun.reflect.NativeConstructorAccessorImpl.newInstance0(Native Method)
	at sun.reflect.NativeConstructorAccessorImpl.newInstance(Unknown Source)
	at sun.reflect.DelegatingConstructorAccessorImpl.newInstance(Unknown Source)
	at java.lang.reflect.Constructor.newInstance(Unknown Source)
	at org.openqa.selenium.remote.http.W3CHttpResponseCodec.createException(W3CHttpResponseCodec.java:187)
	at org.openqa.selenium.remote.http.W3CHttpResponseCodec.decode(W3CHttpResponseCodec.java:122)
	at org.openqa.selenium.remote.http.W3CHttpResponseCodec.decode(W3CHttpResponseCodec.java:49)
	at org.openqa.selenium.remote.HttpCommandExecutor.execute(HttpCommandExecutor.java:158)
	at org.openqa.selenium.remote.service.DriverCommandExecutor.execute(DriverCommandExecutor.java:83)
	at org.openqa.selenium.remote.RemoteWebDriver.execute(RemoteWebDriver.java:548)
	at org.openqa.selenium.remote.RemoteWebDriver.findElement(RemoteWebDriver.java:322)
	at org.openqa.selenium.remote.RemoteWebDriver.findElementById(RemoteWebDriver.java:368)
	at org.openqa.selenium.By$ById.findElement(By.java:188)
	at org.openqa.selenium.remote.RemoteWebDriver.findElement(RemoteWebDriver.java:314)
	at org.openqa.selenium.support.pagefactory.DefaultElementLocator.findElement(DefaultElementLocator.java:69)
	at org.openqa.selenium.support.pagefactory.internal.LocatingElementHandler.invoke(LocatingElementHandler.java:38)
	at com.sun.proxy.$Proxy24.isDisplayed(Unknown Source)
	at com.pageobjects.LoginPage.isInputUserNameDisplayed(LoginPage.java:25)
	at com.tests.HomePageTest.testNavigationLogin(HomePageTest.java:23)
	at sun.reflect.NativeMethodAccessorImpl.invoke0(Native Method)
	at sun.reflect.NativeMethodAccessorImpl.invoke(Unknown Source)
	at sun.reflect.DelegatingMethodAccessorImpl.invoke(Unknown Source)
	at java.lang.reflect.Method.invoke(Unknown Source)
	at org.testng.internal.MethodInvocationHelper.invokeMethod(MethodInvocationHelper.java:104)
	at org.testng.internal.MethodInvocationHelper$1.runTestMethod(MethodInvocationHelper.java:205)
	at org.springframework.test.context.testng.AbstractTestNGSpringContextTests.run(AbstractTestNGSpringContextTests.java:180)
	at org.testng.internal.MethodInvocationHelper.invokeHookable(MethodInvocationHelper.java:217)
	at org.testng.internal.Invoker.invokeMethod(Invoker.java:641)
	at org.testng.internal.Invoker.invokeTestMethod(Invoker.java:851)
	at org.testng.internal.Invoker.invokeTestMethods(Invoker.java:1177)
	at org.testng.internal.TestMethodWorker.invokeTestMethods(TestMethodWorker.java:129)
	at org.testng.internal.TestMethodWorker.run(TestMethodWorker.java:112)
	at org.testng.TestRunner.privateRun(TestRunner.java:756)
	at org.testng.TestRunner.run(TestRunner.java:610)
	at org.testng.SuiteRunner.runTest(SuiteRunner.java:387)
	at org.testng.SuiteRunner.runSequentially(SuiteRunner.java:382)
	at org.testng.SuiteRunner.privateRun(SuiteRunner.java:340)
	at org.testng.SuiteRunner.run(SuiteRunner.java:289)
	at org.testng.SuiteRunnerWorker.runSuite(SuiteRunnerWorker.java:52)
	at org.testng.SuiteRunnerWorker.run(SuiteRunnerWorker.java:86)
	at org.testng.TestNG.runSuitesSequentially(TestNG.java:1293)
	at org.testng.TestNG.runSuitesLocally(TestNG.java:1218)
	at org.testng.TestNG.runSuites(TestNG.java:1133)
	at org.testng.TestNG.run(TestNG.java:1104)
	at org.testng.remote.AbstractRemoteTestNG.run(AbstractRemoteTestNG.java:132)
	at org.testng.remote.RemoteTestNG.initAndRun(RemoteTestNG.java:230)
	at org.testng.remote.RemoteTestNG.main(RemoteTestNG.java:76)
]]>
            </full-stacktrace>
          </exception> <!-- org.openqa.selenium.NoSuchElementException -->
          <reporter-output>
          </reporter-output>
        </test-method> <!-- testNavigationLogin -->
        <test-method status="PASS" signature="tearDown(org.testng.ITestResult)[pri:0, instance:com.tests.HomePageTest@6a192cfe]" name="tearDown" is-config="true" duration-ms="937" started-at="2020-05-12T15:08:01Z" finished-at="2020-05-12T15:08:02Z">
          <params>
            <param index="0">
              <value>
                <![CDATA[[TestResult name=testNavigationLogin status=FAILURE method=HomePageTest.testNavigationLogin()[pri:0, instance:com.tests.HomePageTest@6a192cfe] output={null}]]]>
              </value>
            </param>
          </params>
          <reporter-output>
          </reporter-output>
        </test-method> <!-- tearDown -->
        <test-method status="PASS" signature="springTestContextAfterTestMethod(java.lang.reflect.Method)[pri:0, instance:com.tests.HomePageTest@6a192cfe]" name="springTestContextAfterTestMethod" is-config="true" duration-ms="1" started-at="2020-05-12T15:08:02Z" finished-at="2020-05-12T15:08:02Z">
          <params>
            <param index="0">
              <value>
                <![CDATA[public void com.tests.HomePageTest.testNavigationLogin()]]>
              </value>
            </param>
          </params>
          <reporter-output>
          </reporter-output>
        </test-method> <!-- springTestContextAfterTestMethod -->
        <test-method status="PASS" signature="springTestContextAfterTestClass()[pri:0, instance:com.tests.HomePageTest@6a192cfe]" name="springTestContextAfterTestClass" is-config="true" duration-ms="0" started-at="2020-05-12T15:08:02Z" finished-at="2020-05-12T15:08:02Z">
          <reporter-output>
          </reporter-output>
        </test-method> <!-- springTestContextAfterTestClass -->
      </class> <!-- com.tests.HomePageTest -->
      <class name="com.tests.LoginTest">
        <test-method status="PASS" signature="springTestContextBeforeTestClass()[pri:0, instance:com.tests.LoginTest@5119fb47]" name="springTestContextBeforeTestClass" is-config="true" duration-ms="1" started-at="2020-05-12T15:08:02Z" finished-at="2020-05-12T15:08:02Z">
          <reporter-output>
          </reporter-output>
        </test-method> <!-- springTestContextBeforeTestClass -->
        <test-method status="PASS" signature="springTestContextPrepareTestInstance()[pri:0, instance:com.tests.LoginTest@5119fb47]" name="springTestContextPrepareTestInstance" is-config="true" duration-ms="0" started-at="2020-05-12T15:08:02Z" depends-on-methods="org.springframework.test.context.testng.AbstractTestNGSpringContextTests.springTestContextBeforeTestClass" finished-at="2020-05-12T15:08:02Z">
          <reporter-output>
          </reporter-output>
        </test-method> <!-- springTestContextPrepareTestInstance -->
        <test-method status="PASS" signature="springTestContextBeforeTestMethod(java.lang.reflect.Method)[pri:0, instance:com.tests.LoginTest@5119fb47]" name="springTestContextBeforeTestMethod" is-config="true" duration-ms="0" started-at="2020-05-12T15:08:02Z" finished-at="2020-05-12T15:08:02Z">
          <params>
            <param index="0">
              <value>
                <![CDATA[public void com.tests.LoginTest.testLoginFunctionality()]]>
              </value>
            </param>
          </params>
          <reporter-output>
          </reporter-output>
        </test-method> <!-- springTestContextBeforeTestMethod -->
        <test-method status="PASS" signature="init(java.lang.reflect.Method)[pri:0, instance:com.tests.LoginTest@5119fb47]" name="init" is-config="true" duration-ms="6761" started-at="2020-05-12T15:08:02Z" finished-at="2020-05-12T15:08:09Z">
          <params>
            <param index="0">
              <value>
                <![CDATA[public void com.tests.LoginTest.testLoginFunctionality()]]>
              </value>
            </param>
          </params>
          <reporter-output>
          </reporter-output>
        </test-method> <!-- init -->
        <test-method status="PASS" signature="testLoginFunctionality()[pri:0, instance:com.tests.LoginTest@5119fb47]" name="testLoginFunctionality" duration-ms="2324" started-at="2020-05-12T15:08:09Z" finished-at="2020-05-12T15:08:11Z">
          <reporter-output>
          </reporter-output>
        </test-method> <!-- testLoginFunctionality -->
        <test-method status="PASS" signature="tearDown(org.testng.ITestResult)[pri:0, instance:com.tests.LoginTest@5119fb47]" name="tearDown" is-config="true" duration-ms="752" started-at="2020-05-12T15:08:11Z" finished-at="2020-05-12T15:08:12Z">
          <params>
            <param index="0">
              <value>
                <![CDATA[[TestResult name=testLoginFunctionality status=SUCCESS method=LoginTest.testLoginFunctionality()[pri:0, instance:com.tests.LoginTest@5119fb47] output={null}]]]>
              </value>
            </param>
          </params>
          <reporter-output>
          </reporter-output>
        </test-method> <!-- tearDown -->
        <test-method status="PASS" signature="springTestContextAfterTestMethod(java.lang.reflect.Method)[pri:0, instance:com.tests.LoginTest@5119fb47]" name="springTestContextAfterTestMethod" is-config="true" duration-ms="0" started-at="2020-05-12T15:08:12Z" finished-at="2020-05-12T15:08:12Z">
          <params>
            <param index="0">
              <value>
                <![CDATA[public void com.tests.LoginTest.testLoginFunctionality()]]>
              </value>
            </param>
          </params>
          <reporter-output>
          </reporter-output>
        </test-method> <!-- springTestContextAfterTestMethod -->
        <test-method status="PASS" signature="springTestContextAfterTestClass()[pri:0, instance:com.tests.LoginTest@5119fb47]" name="springTestContextAfterTestClass" is-config="true" duration-ms="0" started-at="2020-05-12T15:08:12Z" finished-at="2020-05-12T15:08:12Z">
          <reporter-output>
          </reporter-output>
        </test-method> <!-- springTestContextAfterTestClass -->
      </class> <!-- com.tests.LoginTest -->
    </test> <!-- Test -->
  </suite> <!-- Suite -->
</testng-results>
